<?xml version="1.0" encoding="UTF-8"?>
<testsuite name="com.mckinsey.bootcamp.exercise3.AttendantTest" tests="2" skipped="0" failures="0" errors="0" timestamp="2022-07-14T12:01:18" hostname="GUVA-311277-C02GC48BML87" time="0.03">
  <properties/>
  <testcase name="attendantShouldParkVehicleWhenParkingLotIsNotFull()" classname="com.mckinsey.bootcamp.exercise3.AttendantTest" time="0.028"/>
  <testcase name="attendantShouldNotBeAbleToParkVehicleWhenParkingLotIsFull()" classname="com.mckinsey.bootcamp.exercise3.AttendantTest" time="0.001"/>
  <system-out><![CDATA[]]></system-out>
  <system-err><![CDATA[]]></system-err>
</testsuite>
